{
    "Comment Check.You used 11 comments, should be between 3 < No limit": "TEST_STATUS_SUCCESS",
    "WebDriverWait Check.You used 1 waits, should be between 1 < No limit": "TEST_STATUS_SUCCESS",
    "Sleep statement Check.You used 5 sleep statements, should be between No limit < 20": "TEST_STATUS_SUCCESS",
    "System Out Printline or Logging Check.You used 5 System out Printline statements, should be between 3 < No limit": "TEST_STATUS_SUCCESS",
    "Test Case 1 - Look for high rated Washing Machines.TestNG Test Method 'testCase01' is not Implemented": "TEST_STATUS_FAILURE",
    "Test Case 2 - Look for phones with certain discount.TestNG Test Method 'testCase02' is not Implemented": "TEST_STATUS_FAILURE",
    "Test Case 3 - Look for coffee mugs with certain discount.TestNG Test Method 'testCase03' is not Implemented": "TEST_STATUS_FAILURE"
}